   Compiling klatt v0.1.0 (/home/tait/Documents/klatt-syn-rs/klatt)
error: cannot find macro `vec` in this scope
  --> src/app_params.rs:22:28
   |
22 |         oral_formant_freq: vec![520.0, 1006.0, 2831.0, 3168.0, 4135.0, 5020.0],
   |                            ^^^
   |
help: consider importing this macro
   |
1  + use alloc::vec;
   |

error: cannot find macro `vec` in this scope
  --> src/app_params.rs:23:26
   |
23 |         oral_formant_bw: vec![76.0, 102.0, 72.0, 102.0, 816.0, 596.0],
   |                          ^^^
   |
help: consider importing this macro
   |
1  + use alloc::vec;
   |

error: cannot find macro `vec` in this scope
  --> src/app_params.rs:38:26
   |
38 |         oral_formant_db: vec![0.0, -8.0, -15.0, -19.0, -30.0, -35.0],
   |                          ^^^
   |
help: consider importing this macro
   |
1  + use alloc::vec;
   |

error: cannot find macro `vec` in this scope
    --> src/klatt.rs:1372:33
     |
1372 |     let mut out_buf: Vec<f64> = vec![0.0; out_buf_len];
     |                                 ^^^
     |
help: consider importing this macro
     |
1    + use alloc::vec;
     |

error: cannot find macro `vec` in this scope
    --> src/klatt.rs:1395:36
     |
1395 |     let mut voice: Vec<Vec<f64>> = vec![vec![1.0], vec![1.0]];
     |                                    ^^^
     |
help: consider importing this macro
     |
1    + use alloc::vec;
     |

error: cannot find macro `vec` in this scope
    --> src/klatt.rs:1404:18
     |
1404 |         false => vec![vec![0.0], vec![1.0]],
     |                  ^^^
     |
help: consider importing this macro
     |
1    + use alloc::vec;
     |

error: cannot find macro `vec` in this scope
    --> src/klatt.rs:1408:18
     |
1408 |         false => vec![vec![0.0], vec![1.0]],
     |                  ^^^
     |
help: consider importing this macro
     |
1    + use alloc::vec;
     |

error: cannot find macro `vec` in this scope
    --> src/klatt.rs:1424:48
     |
1424 |     out = poly_real::multiply_fractions(&out, &vec![vec![gain_lin], vec![1.0]], Some(EPS))?;
     |                                                ^^^
     |
help: consider importing this macro
     |
1    + use alloc::vec;
     |

error: cannot find macro `vec` in this scope
    --> src/klatt.rs:1434:32
     |
1434 |     let mut v: Vec<Vec<f64>> = vec![vec![cascade_voicing_lin], vec![1.0]];
     |                                ^^^
     |
help: consider importing this macro
     |
1    + use alloc::vec;
     |

error: cannot find macro `vec` in this scope
    --> src/klatt.rs:1461:33
     |
1461 |     let source: Vec<Vec<f64>> = vec![vec![parallel_voicing_lin], vec![1.0]];
     |                                 ^^^
     |
help: consider importing this macro
     |
1    + use alloc::vec;
     |

error: cannot find macro `vec` in this scope
    --> src/klatt.rs:1467:32
     |
1467 |     let mut v: Vec<Vec<f64>> = vec![vec![0.0], vec![1.0]];
     |                                ^^^
     |
help: consider importing this macro
     |
1    + use alloc::vec;
     |

error: cannot find macro `vec` in this scope
    --> src/klatt.rs:1489:14
     |
1489 |             &vec![vec![alternating_sign], vec![1.0]],
     |              ^^^
     |
help: consider importing this macro
     |
1    + use alloc::vec;
     |

error: cannot find macro `vec` in this scope
    --> src/klatt.rs:1499:10
     |
1499 |         &vec![vec![parallel_bypass_lin], vec![1.0]],
     |          ^^^
     |
help: consider importing this macro
     |
1    + use alloc::vec;
     |

error: cannot find macro `vec` in this scope
  --> src/poly_real.rs:38:18
   |
38 |     let mut a3 = vec![0.0; n3 + 1];
   |                  ^^^
   |
help: consider importing this macro
   |
1  + use alloc::vec;
   |

error: cannot find macro `vec` in this scope
  --> src/poly_real.rs:53:19
   |
53 |         return Ok(vec![0.0]);
   |                   ^^^
   |
help: consider importing this macro
   |
1  + use alloc::vec;
   |

error: cannot find macro `vec` in this scope
  --> src/poly_real.rs:58:18
   |
58 |     let mut a3 = vec![0.0; n3 + 1];
   |                  ^^^
   |
help: consider importing this macro
   |
1  + use alloc::vec;
   |

error: cannot find macro `vec` in this scope
  --> src/poly_real.rs:84:23
   |
84 |             return Ok(vec![a1.to_vec(), vec![0.0]]);
   |                       ^^^
   |
help: consider importing this macro
   |
1  + use alloc::vec;
   |

error: cannot find macro `vec` in this scope
  --> src/poly_real.rs:86:19
   |
86 |         return Ok(vec![div_by_real(&a1, a2[0]), vec![0.0]]);
   |                   ^^^
   |
help: consider importing this macro
   |
1  + use alloc::vec;
   |

error: cannot find macro `vec` in this scope
  --> src/poly_real.rs:91:19
   |
91 |         return Ok(vec![vec![0.0], a1.to_vec()]);
   |                   ^^^
   |
help: consider importing this macro
   |
1  + use alloc::vec;
   |

error: cannot find macro `vec` in this scope
   --> src/poly_real.rs:105:8
    |
105 |     Ok(vec![quotient, remainder])
    |        ^^^
    |
help: consider importing this macro
    |
1   + use alloc::vec;
    |

error: cannot find macro `vec` in this scope
   --> src/poly_real.rs:122:23
    |
122 |             return Ok(vec![1.0]);
    |                       ^^^
    |
help: consider importing this macro
    |
1   + use alloc::vec;
    |

error: cannot find macro `vec` in this scope
   --> src/poly_real.rs:148:19
    |
148 |         return Ok(vec![0.0]);
    |                   ^^^
    |
help: consider importing this macro
    |
1   + use alloc::vec;
    |

error: cannot find macro `vec` in this scope
   --> src/poly_real.rs:150:18
    |
150 |     let mut a2 = vec![0.0; len];
    |                  ^^^
    |
help: consider importing this macro
    |
1   + use alloc::vec;
    |

error: cannot find macro `vec` in this scope
   --> src/poly_real.rs:180:18
    |
180 |     let mut a2 = vec![0.0; a.len()];
    |                  ^^^
    |
help: consider importing this macro
    |
1   + use alloc::vec;
    |

error: cannot find macro `vec` in this scope
   --> src/poly_real.rs:194:19
    |
194 |         return Ok(vec![add(&f1[0], &f2[0], eps)?, f1[1].to_vec()]);
    |                   ^^^
    |
help: consider importing this macro
    |
1   + use alloc::vec;
    |

error: cannot find macro `vec` in this scope
   --> src/poly_real.rs:205:19
    |
205 |         return Ok(vec![top, bottom]);
    |                   ^^^
    |
help: consider importing this macro
    |
1   + use alloc::vec;
    |

error: cannot find macro `vec` in this scope
   --> src/poly_real.rs:208:15
    |
208 |     let top = vec![];
    |               ^^^
    |
help: consider importing this macro
    |
1   + use alloc::vec;
    |

error: cannot find macro `vec` in this scope
   --> src/poly_real.rs:209:18
    |
209 |     let bottom = vec![];
    |                  ^^^
    |
help: consider importing this macro
    |
1   + use alloc::vec;
    |

error: cannot find macro `vec` in this scope
   --> src/poly_real.rs:211:8
    |
211 |     Ok(vec![top, bottom])
    |        ^^^
    |
help: consider importing this macro
    |
1   + use alloc::vec;
    |

error: cannot find macro `vec` in this scope
   --> src/poly_real.rs:221:8
    |
221 |     Ok(vec![top, bottom])
    |        ^^^
    |
help: consider importing this macro
    |
1   + use alloc::vec;
    |

error: cannot find macro `vec` in this scope
   --> src/klatt.rs:508:16
    |
508 |         return vec![vec![1.0, -1.0], vec![1.0]];
    |                ^^^
    |
help: consider importing this macro
    |
1   + use alloc::vec;
    |

error: cannot find macro `vec` in this scope
   --> src/klatt.rs:446:16
    |
446 |         return vec![vec![self.a, self.b, self.c], vec![1.0]];
    |                ^^^
    |
help: consider importing this macro
    |
1   + use alloc::vec;
    |

error: cannot find macro `vec` in this scope
   --> src/klatt.rs:444:20
    |
444 |             return vec![vec![0.0], vec![1.0]];
    |                    ^^^
    |
help: consider importing this macro
    |
1   + use alloc::vec;
    |

error: cannot find macro `vec` in this scope
   --> src/klatt.rs:441:20
    |
441 |             return vec![vec![1.0], vec![1.0]];
    |                    ^^^
    |
help: consider importing this macro
    |
1   + use alloc::vec;
    |

error: cannot find macro `vec` in this scope
   --> src/klatt.rs:310:16
    |
310 |         return vec![vec![self.a], vec![1.0, -self.b, -self.c]];
    |                ^^^
    |
help: consider importing this macro
    |
1   + use alloc::vec;
    |

error: cannot find macro `vec` in this scope
   --> src/klatt.rs:308:20
    |
308 |             return vec![vec![0.0], vec![1.0]];
    |                    ^^^
    |
help: consider importing this macro
    |
1   + use alloc::vec;
    |

error: cannot find macro `vec` in this scope
   --> src/klatt.rs:305:20
    |
305 |             return vec![vec![1.0], vec![1.0]];
    |                    ^^^
    |
help: consider importing this macro
    |
1   + use alloc::vec;
    |

error: cannot find macro `vec` in this scope
   --> src/klatt.rs:149:16
    |
149 |         return vec![vec![self.a], vec![1.0, -self.b]];
    |                ^^^
    |
help: consider importing this macro
    |
1   + use alloc::vec;
    |

error: cannot find macro `vec` in this scope
   --> src/klatt.rs:147:20
    |
147 |             return vec![vec![0.0], vec![1.0]];
    |                    ^^^
    |
help: consider importing this macro
    |
1   + use alloc::vec;
    |

error: cannot find macro `vec` in this scope
   --> src/klatt.rs:144:20
    |
144 |             return vec![vec![1.0], vec![1.0]];
    |                    ^^^
    |
help: consider importing this macro
    |
1   + use alloc::vec;
    |

error[E0425]: cannot find function `random` in crate `rand`
   --> src/klatt.rs:529:18
    |
529 |     return rand::random::<f64>() * 2.0 - 1.0;
    |                  ^^^^^^ not found in `rand`
    |
note: found an item that was configured out
   --> /home/tait/.cargo/registry/src/index.crates.io-1949cf8c6b5b557f/rand-0.9.0/src/lib.rs:168:8
    |
168 | pub fn random<T>() -> T
    |        ^^^^^^
note: the item is gated behind the `thread_rng` feature
   --> /home/tait/.cargo/registry/src/index.crates.io-1949cf8c6b5b557f/rand-0.9.0/src/lib.rs:166:7
    |
166 | #[cfg(feature = "thread_rng")]
    |       ^^^^^^^^^^^^^^^^^^^^^^

error[E0425]: cannot find function `random` in crate `rand`
   --> src/klatt.rs:923:41
    |
923 |             flutter_time_offset: (rand::random::<f64>() * 1000.0) as usize,
    |                                         ^^^^^^ not found in `rand`
    |
note: found an item that was configured out
   --> /home/tait/.cargo/registry/src/index.crates.io-1949cf8c6b5b557f/rand-0.9.0/src/lib.rs:168:8
    |
168 | pub fn random<T>() -> T
    |        ^^^^^^
note: the item is gated behind the `thread_rng` feature
   --> /home/tait/.cargo/registry/src/index.crates.io-1949cf8c6b5b557f/rand-0.9.0/src/lib.rs:166:7
    |
166 | #[cfg(feature = "thread_rng")]
    |       ^^^^^^^^^^^^^^^^^^^^^^

warning: unused import: `iter::Iterator`
  --> src/klatt.rs:10:2
   |
10 |     iter::Iterator,
   |     ^^^^^^^^^^^^^^
   |
   = note: `#[warn(unused_imports)]` on by default

warning: unused imports: `cmp::PartialEq`, `option::Option::None`, and `option::Option::Some`
  --> src/poly_real.rs:10:2
   |
10 |     option::Option::Some,
   |     ^^^^^^^^^^^^^^^^^^^^
11 |     option::Option::None,
   |     ^^^^^^^^^^^^^^^^^^^^
12 |     cmp::PartialEq,
   |     ^^^^^^^^^^^^^^

warning: unused import: `core::prelude::rust_2024::derive`
  --> src/poly_real.rs:15:5
   |
15 | use core::prelude::rust_2024::derive;
   |     ^^^^^^^^^^^^^^^^^^^^^^^^^^^^^^^^

error[E0599]: no method named `powf` found for type `f64` in the current scope
   --> src/klatt.rs:119:26
    |
119 |         let q = (1.0 - g.powf(2.0) * w.cos()) / (1.0 - g.powf(2.0));
    |                          ^^^^ method not found in `f64`

error[E0599]: no method named `cos` found for type `f64` in the current scope
   --> src/klatt.rs:119:40
    |
119 |         let q = (1.0 - g.powf(2.0) * w.cos()) / (1.0 - g.powf(2.0));
    |                                        ^^^ method not found in `f64`

error[E0599]: no method named `powf` found for type `f64` in the current scope
   --> src/klatt.rs:119:58
    |
119 |         let q = (1.0 - g.powf(2.0) * w.cos()) / (1.0 - g.powf(2.0));
    |                                                          ^^^^ method not found in `f64`

error[E0599]: no method named `powf` found for type `{float}` in the current scope
   --> src/klatt.rs:120:25
    |
120 |         self.b = q - (q.powf(2.0) - 1.0).sqrt();
    |                         ^^^^ method not found in `{float}`

error[E0599]: no method named `exp` found for type `f64` in the current scope
   --> src/klatt.rs:265:57
    |
265 |         self.r = (-PI * bw / (self.sample_rate as f64)).exp();
    |                                                         ^^^ method not found in `f64`
    |
    = help: items from traits can only be used if the trait is in scope
help: trait `Float` which provides `exp` is implemented but not in scope; perhaps you want to import it
    |
1   + use compiler_builtins::math::libm::support::float_traits::Float;
    |

error[E0599]: no method named `powf` found for type `f64` in the current scope
   --> src/klatt.rs:267:26
    |
267 |         self.c = -self.r.powf(2.0);
    |                          ^^^^ method not found in `f64`

error[E0599]: no method named `cos` found for type `f64` in the current scope
   --> src/klatt.rs:268:35
    |
268 |         self.b = 2.0 * self.r * w.cos();
    |                                   ^^^ method not found in `f64`

error[E0599]: no method named `exp` found for type `f64` in the current scope
   --> src/klatt.rs:403:56
    |
403 |         let r = (-PI * bw / (self.sample_rate as f64)).exp();
    |                                                        ^^^ method not found in `f64`
   --> /rust/deps/compiler_builtins-0.1.143/src/../libm/src/math/support/float_traits.rs:101:8
    |
    = note: the method is available for `f64` here
    |
    = help: items from traits can only be used if the trait is in scope
help: trait `Float` which provides `exp` is implemented but not in scope; perhaps you want to import it
    |
1   + use compiler_builtins::math::libm::support::float_traits::Float;
    |

error[E0599]: no method named `cos` found for type `f64` in the current scope
   --> src/klatt.rs:406:30
    |
406 |         let b0 = 2.0 * r * w.cos();
    |                              ^^^ method not found in `f64`

error[E0599]: no method named `cos` found for type `f64` in the current scope
   --> src/klatt.rs:545:68
    |
545 |             / (1.0 - 2.0 * old_b * (2.0 * PI * f / old_ample_rate).cos() + old_b.powf(2.0)).sqrt();
    |                                                                    ^^^ method not found in `f64`

error[E0599]: no method named `powf` found for type `{float}` in the current scope
   --> src/klatt.rs:545:82
    |
545 |             / (1.0 - 2.0 * old_b * (2.0 * PI * f / old_ample_rate).cos() + old_b.powf(2.0)).sqrt();
    |                                                                                  ^^^^ method not found in `{float}`

error[E0599]: no method named `sqrt` found for type `{float}` in the current scope
   --> src/klatt.rs:545:93
    |
545 |             / (1.0 - 2.0 * old_b * (2.0 * PI * f / old_ample_rate).cos() + old_b.powf(2.0)).sqrt();
    |                                                                                             ^^^^ method not found in `{float}`

error[E0599]: no method named `powf` found for type `f64` in the current scope
   --> src/klatt.rs:549:68
    |
549 |         let extra_gain = 2.5 * (sample_rate as f64 / 10000 as f64).powf(0.33);
    |                                                                    ^^^^ method not found in `f64`

error[E0599]: no method named `powf` found for type `f64` in the current scope
   --> src/klatt.rs:662:62
    |
662 |         self.b = -amplification / (open_phase_length as f64).powf(2.0);
    |                                                              ^^^^ method not found in `f64`

error[E0599]: no method named `powf` found for type `f64` in the current scope
   --> src/klatt.rs:713:22
    |
713 |         return 10f64.powf(db / 20.0);
    |                      ^^^^ method not found in `f64`

error[E0599]: no method named `round` found for type `f64` in the current scope
    --> src/klatt.rs:1124:62
     |
1124 |             ((self.m_parms.sample_rate as f64) / p_state.f0).round() as usize
     |                                                              ^^^^^ method not found in `f64`

error[E0599]: no method named `round` found for type `f64` in the current scope
    --> src/klatt.rs:1130:73
     |
1130 |             ((p_state.period_length as f64) * f_parms.open_phase_ratio).round() as usize
     |                                                                         ^^^^^ method not found in `f64`

error[E0599]: no method named `cos` found for type `f64` in the current scope
    --> src/klatt.rs:1319:40
     |
1319 |         let diff_gain = (2.0 - 2.0 * w.cos()).sqrt(); // gain of differencing filter
     |                                        ^^^ method not found in `f64`

error[E0599]: no method named `sqrt` found for type `{float}` in the current scope
    --> src/klatt.rs:1319:47
     |
1319 |         let diff_gain = (2.0 - 2.0 * w.cos()).sqrt(); // gain of differencing filter
     |                                               ^^^^ method not found in `{float}`

error[E0599]: no method named `powf` found for type `f64` in the current scope
    --> src/klatt.rs:1355:23
     |
1355 |         acc += buf[i].powf(2.0);
     |                       ^^^^ method not found in `f64`

error[E0599]: no method named `sqrt` found for type `f64` in the current scope
    --> src/klatt.rs:1357:29
     |
1357 |     return (acc / n as f64).sqrt();
     |                             ^^^^ method not found in `f64`

Some errors have detailed explanations: E0425, E0599.
For more information about an error, try `rustc --explain E0425`.
warning: `klatt` (lib) generated 3 warnings
error: could not compile `klatt` (lib) due to 63 previous errors; 3 warnings emitted
